================================================================
======== txAdmin v8.0.1 atop fxserver 17000 Starting - 8.12.2025, 22:02:56
================================================================
[22:03:39][M-A-E-S-T-R-O] created admins file
[22:05:35][M-A-E-S-T-R-O] Config changes: general.serverName
[22:05:35][M-A-E-S-T-R-O] Changing global settings via setup stepper and started Deployer.
[22:06:02][M-A-E-S-T-R-O] Setting recipe.
[22:06:17][M-A-E-S-T-R-O] Running recipe.
[22:07:45][M-A-E-S-T-R-O] Config changes: server.dataPath
[22:07:45][M-A-E-S-T-R-O] Completed and committed server deploy.
================================================================
======== txAdmin v8.0.1 atop fxserver 17000 Starting - 8.12.2025, 22:16:42
================================================================
================================================================
======== txAdmin v8.0.1 atop fxserver 17000 Starting - 8.12.2025, 22:50:28
================================================================
[22:55:26][M-A-E-S-T-R-O] logged in from 127.0.0.1 via cfxre
================================================================
======== txAdmin v8.0.1 atop fxserver 17000 Starting - 8.12.2025, 23:03:35
================================================================
================================================================
======== txAdmin v8.0.1 atop fxserver 17000 Starting - 8.12.2025, 23:07:46
================================================================
================================================================
======== txAdmin v8.0.1 atop fxserver 17000 Starting - 8.12.2025, 23:09:13
================================================================
================================================================
======== txAdmin v8.0.1 atop fxserver 17000 Starting - 8.12.2025, 23:09:43
================================================================
================================================================
======== txAdmin v8.0.1 atop fxserver 17000 Starting - 8.12.2025, 23:10:27
================================================================
================================================================
======== txAdmin v8.0.1 atop fxserver 17000 Starting - 8.12.2025, 23:16:39
================================================================
================================================================
======== txAdmin v8.0.1 atop fxserver 17000 Starting - 8.12.2025, 23:17:56
================================================================
================================================================
======== txAdmin v8.0.1 atop fxserver 17000 Starting - 8.12.2025, 23:18:23
================================================================
================================================================
======== txAdmin v8.0.1 atop fxserver 17000 Starting - 8.12.2025, 23:19:47
================================================================
