================================================================
======== txAdmin v8.0.1 atop fxserver 17000 Starting - 9.12.2025, 00:52:29
================================================================
================================================================
======== Log Rotated - 9.12.2025, 00:52:29                      
================================================================
[00:52:32] txAdmin: Logger started
[00:53:38] [LqAQD#1] Daryl: joined with identifiers [license:bb97…f6be, xbl:2535…2885, live:9851…3810, discord:3467…3873, fivem:182841, license2:2965…cd21]
================================================================
======== txAdmin v8.0.1 atop fxserver 17000 Starting - 9.12.2025, 01:05:36
================================================================
[01:05:38] txAdmin: Logger started
[01:07:00] [j8hRJ#1] Daryl: joined with identifiers [license:bb97…f6be, xbl:2535…2885, live:9851…3810, discord:3467…3873, fivem:182841, license2:2965…cd21]
================================================================
======== txAdmin v8.0.1 atop fxserver 17000 Starting - 9.12.2025, 01:13:06
================================================================
[01:13:08] txAdmin: Logger started
[01:14:01] [qQ9MC#1] Daryl: joined with identifiers [license:bb97…f6be, xbl:2535…2885, live:9851…3810, discord:3467…3873, fivem:182841, license2:2965…cd21]
[01:20:30] [qQ9MC#1] Daryl: disconnected (Exiting)
================================================================
======== txAdmin v8.0.1 atop fxserver 17000 Starting - 9.12.2025, 01:20:38
================================================================
[01:20:40] txAdmin: Logger started
[01:21:10] [ttNEx#1] Daryl: joined with identifiers [license:bb97…f6be, xbl:2535…2885, live:9851…3810, discord:3467…3873, fivem:182841, license2:2965…cd21]
================================================================
======== txAdmin v8.0.1 atop fxserver 17000 Starting - 9.12.2025, 01:33:43
================================================================
[01:33:45] txAdmin: Logger started
[01:34:43] [BHLwi#1] Daryl: joined with identifiers [license:bb97…f6be, xbl:2535…2885, live:9851…3810, discord:3467…3873, fivem:182841, license2:2965…cd21]
[01:37:28] [BHLwi#1] Daryl: disconnected (Exiting)
================================================================
======== txAdmin v8.0.1 atop fxserver 17000 Starting - 9.12.2025, 01:45:29
================================================================
[01:45:31] txAdmin: Logger started
[01:45:47] [kyUCP#1] Daryl: joined with identifiers [license:bb97…f6be, xbl:2535…2885, live:9851…3810, discord:3467…3873, fivem:182841, license2:2965…cd21]
[01:46:36] [kyUCP#1] Daryl: disconnected (Disconnected.)
[01:47:42] [kyUCP#2] Daryl: joined with identifiers [license:bb97…f6be, xbl:2535…2885, live:9851…3810, discord:3467…3873, fivem:182841, license2:2965…cd21]
[01:51:53] [kyUCP#2] Daryl: disconnected (Exiting)
================================================================
======== txAdmin v8.0.1 atop fxserver 17000 Starting - 9.12.2025, 01:52:01
================================================================
[01:52:03] txAdmin: Logger started
[01:53:04] [PBky3#1] Daryl: joined with identifiers [license:bb97…f6be, xbl:2535…2885, live:9851…3810, discord:3467…3873, fivem:182841, license2:2965…cd21]
[01:53:32] [PBky3#1] Daryl: disconnected (Exiting)
[01:54:54] [PBky3#2] Daryl: joined with identifiers [license:bb97…f6be, xbl:2535…2885, live:9851…3810, discord:3467…3873, fivem:182841, license2:2965…cd21]
[01:59:26] [PBky3#2] Daryl: disconnected (Exiting)
================================================================
======== txAdmin v8.0.1 atop fxserver 17000 Starting - 9.12.2025, 02:02:11
================================================================
[02:02:13] txAdmin: Logger started
[02:02:25] [iKNhg#1] Daryl: joined with identifiers [license:bb97…f6be, xbl:2535…2885, live:9851…3810, discord:3467…3873, fivem:182841, license2:2965…cd21]
[02:02:42] [iKNhg#1] Daryl: died from suicide (Falling)
================================================================
======== txAdmin v8.0.1 atop fxserver 17000 Starting - 9.12.2025, 02:06:18
================================================================
[02:06:20] txAdmin: Logger started
[02:06:52] [q7Ffb#1] Daryl: joined with identifiers [license:bb97…f6be, xbl:2535…2885, live:9851…3810, discord:3467…3873, fivem:182841, license2:2965…cd21]
[02:08:39] [q7Ffb#1] Daryl: said "/uit"
[02:08:41] [q7Ffb#1] Daryl: said "/uit"
[02:08:42] [q7Ffb#1] Daryl: disconnected (Exiting)
[02:10:05] [q7Ffb#2] Daryl: joined with identifiers [license:bb97…f6be, xbl:2535…2885, live:9851…3810, discord:3467…3873, fivem:182841, license2:2965…cd21]
[02:11:14] [q7Ffb#2] Daryl: disconnected (Exiting)
[02:11:43] [q7Ffb#3] Daryl: joined with identifiers [license:bb97…f6be, xbl:2535…2885, live:9851…3810, discord:3467…3873, fivem:182841, license2:2965…cd21]
[02:16:39] [q7Ffb#3] Daryl: said "/uit"
[02:16:40] [q7Ffb#3] Daryl: disconnected (Exiting)
================================================================
======== txAdmin v8.0.1 atop fxserver 17000 Starting - 9.12.2025, 02:16:44
================================================================
[02:16:46] txAdmin: Logger started
[02:17:10] [Bcqz3#1] Daryl: joined with identifiers [license:bb97…f6be, xbl:2535…2885, live:9851…3810, discord:3467…3873, fivem:182841, license2:2965…cd21]
================================================================
======== txAdmin v8.0.1 atop fxserver 17000 Starting - 9.12.2025, 02:20:18
================================================================
[02:20:20] txAdmin: Logger started
[02:20:45] [GkFFQ#1] Daryl: joined with identifiers [license:bb97…f6be, xbl:2535…2885, live:9851…3810, discord:3467…3873, fivem:182841, license2:2965…cd21]
[02:22:57] [GkFFQ#1] Daryl: disconnected (Exiting)
================================================================
======== txAdmin v8.0.1 atop fxserver 17000 Starting - 9.12.2025, 02:26:23
================================================================
[02:26:25] txAdmin: Logger started
[02:26:46] [LFQg8#1] Daryl: joined with identifiers [license:bb97…f6be, xbl:2535…2885, live:9851…3810, discord:3467…3873, fivem:182841, license2:2965…cd21]
