================================================================
======== txAdmin v8.0.1 atop fxserver 17000 Starting - 8.12.2025, 22:02:56
================================================================
[22:07:47] txAdmin: Logger started
================================================================
======== txAdmin v8.0.1 atop fxserver 17000 Starting - 8.12.2025, 22:16:42
================================================================
[22:16:44] txAdmin: Logger started
[22:17:35] [gBQwi#1] Daryl: joined with identifiers [license:bb97…f6be, xbl:2535…2885, live:9851…3810, discord:3467…3873, fivem:182841, license2:2965…cd21]
[22:19:21] [gBQwi#1] Daryl: enabled noclip
[22:19:41] [gBQwi#1] Daryl: became mortal (standard mode)
================================================================
======== txAdmin v8.0.1 atop fxserver 17000 Starting - 8.12.2025, 22:50:28
================================================================
[22:50:30] txAdmin: Logger started
================================================================
======== txAdmin v8.0.1 atop fxserver 17000 Starting - 8.12.2025, 23:03:35
================================================================
[23:03:37] txAdmin: Logger started
================================================================
======== txAdmin v8.0.1 atop fxserver 17000 Starting - 8.12.2025, 23:07:46
================================================================
[23:07:49] txAdmin: Logger started
================================================================
======== txAdmin v8.0.1 atop fxserver 17000 Starting - 8.12.2025, 23:09:13
================================================================
[23:09:15] txAdmin: Logger started
================================================================
======== txAdmin v8.0.1 atop fxserver 17000 Starting - 8.12.2025, 23:09:43
================================================================
[23:09:45] txAdmin: Logger started
================================================================
======== txAdmin v8.0.1 atop fxserver 17000 Starting - 8.12.2025, 23:10:27
================================================================
[23:10:29] txAdmin: Logger started
================================================================
======== txAdmin v8.0.1 atop fxserver 17000 Starting - 8.12.2025, 23:16:39
================================================================
[23:16:41] txAdmin: Logger started
================================================================
======== txAdmin v8.0.1 atop fxserver 17000 Starting - 8.12.2025, 23:17:56
================================================================
[23:17:58] txAdmin: Logger started
[23:18:01] [WF6cG#1] Daryl: joined with identifiers [license:bb97…f6be, xbl:2535…2885, live:9851…3810, discord:3467…3873, fivem:182841, license2:2965…cd21]
================================================================
======== txAdmin v8.0.1 atop fxserver 17000 Starting - 8.12.2025, 23:18:23
================================================================
[23:18:25] txAdmin: Logger started
================================================================
======== txAdmin v8.0.1 atop fxserver 17000 Starting - 8.12.2025, 23:19:47
================================================================
[23:19:50] txAdmin: Logger started
[23:20:07] [W8fR8#1] Daryl: joined with identifiers [license:bb97…f6be, xbl:2535…2885, live:9851…3810, discord:3467…3873, fivem:182841, license2:2965…cd21]
[23:20:12] [W8fR8#1] Daryl: disconnected (Exiting)
