================================================================
======== txAdmin v8.0.1 atop fxserver 17000 Starting - 15.12.2025, 22:42:42
================================================================
================================================================
======== Log Rotated - 15.12.2025, 22:42:42                     
================================================================
[22:42:45] txAdmin: Logger started
[22:43:19] [X3gBn#1] Daryl: joined with identifiers [license:bb97…f6be, xbl:2535…2885, live:9851…3810, discord:3467…3873, fivem:182841, license2:2965…cd21]
================================================================
======== txAdmin v8.0.1 atop fxserver 17000 Starting - 15.12.2025, 22:49:01
================================================================
[22:49:03] txAdmin: Logger started
[22:50:06] [qUmQm#1] Daryl: joined with identifiers [license:bb97…f6be, xbl:2535…2885, live:9851…3810, discord:3467…3873, fivem:182841, license2:2965…cd21]
[22:52:49] [qUmQm#1] Daryl: disconnected (Exiting)
================================================================
======== txAdmin v8.0.1 atop fxserver 17000 Starting - 15.12.2025, 22:53:04
================================================================
[22:53:06] txAdmin: Logger started
[22:53:22] [6rzTK#1] Daryl: joined with identifiers [license:bb97…f6be, xbl:2535…2885, live:9851…3810, discord:3467…3873, fivem:182841, license2:2965…cd21]
[22:58:38] [6rzTK#1] Daryl: disconnected (Game crashed: d3d11.dll!?GetResource@?$CView@UID3D11ShaderResourceView1@@@@UEAAXPEAPEAUID3D11Resource@@@Z (0x1c))
[23:00:21] [6rzTK#2] Daryl: joined with identifiers [license:bb97…f6be, xbl:2535…2885, live:9851…3810, discord:3467…3873, fivem:182841, license2:2965…cd21]
[23:01:02] [6rzTK#2] Daryl: enabled noclip
[23:01:02] [6rzTK#2] Daryl: became mortal (standard mode)
[23:01:05] [6rzTK#2] Daryl: enabled noclip
[23:03:55] [6rzTK#2] Daryl: became mortal (standard mode)
[23:04:05] [6rzTK#2] Daryl: enabled noclip
[23:04:31] [6rzTK#2] Daryl: became mortal (standard mode)
[23:05:47] [6rzTK#2] Daryl: teleported to coordinates (x=402.850, y=-999.000, z=-98.400)
[23:11:08] [6rzTK#2] Daryl: said "Position = /pos"
[23:11:11] [6rzTK#2] Daryl: said "/clear"
[23:11:25] [6rzTK#2] Daryl: said "===================== Pos ======================"
[23:11:51] [6rzTK#2] Daryl: said "================ Cam ================="
[23:22:42] [6rzTK#2] Daryl: disconnected (Exiting)
================================================================
======== txAdmin v8.0.1 atop fxserver 17000 Starting - 15.12.2025, 23:22:52
================================================================
[23:22:55] txAdmin: Logger started
[23:23:23] [NyGDt#1] Daryl: joined with identifiers [license:bb97…f6be, xbl:2535…2885, live:9851…3810, discord:3467…3873, fivem:182841, license2:2965…cd21]
[23:24:19] [NyGDt#1] Daryl: disconnected (Exiting)
[23:25:28] [NyGDt#2] Daryl: joined with identifiers [license:bb97…f6be, xbl:2535…2885, live:9851…3810, discord:3467…3873, fivem:182841, license2:2965…cd21]
